C51 COMPILER V9.54   MAIN                                                                  09/09/2021 16:53:26 PAGE 1   


C51 COMPILER V9.54, COMPILATION OF MODULE MAIN
OBJECT MODULE PLACED IN .\Objects\main.obj
COMPILER INVOKED BY: D:\keil\C51\BIN\C51.EXE main.c OPTIMIZE(8,SPEED) BROWSE DEBUG OBJECTEXTEND PRINT(.\Listings\main.ls
                    -t) OBJECT(.\Objects\main.obj)

line level    source

   1          #include <REGX52.H>
   2          #include <string.h>
   3          #include "delay.h"
   4          #include "LCD1602.h"
   5          #include "key.h"
   6          #include "timer0.h"
   7          #define uchar unsigned char
   8          sbit motor=P1^0;
   9          void main()
  10          {
  11   1              uchar j;
  12   1              char password[]="20302211038";
  13   1      //      uchar mark;
  14   1              uchar s[12];
  15   1              uchar keynum=10;
  16   1              LCD_Init();
  17   1              while(1)
  18   1              {
  19   2                      motor=0;
  20   2                      delay(80);
  21   2                      if(key()>9)
  22   2                      {       
  23   3                              if(key()==16)
  24   3                              {
  25   4                                      if(strcmp(string,password)==0)
  26   4                                      {
  27   5                                              LCD_ShowString(2,1,"right");
  28   5                                              motor=1;
  29   5                                              delay(1000);
  30   5                                      }
  31   4                                      else
  32   4                                      {
  33   5                                              LCD_ShowString(2,1,"false");
  34   5                                              motor=0;
  35   5                                      }
  36   4                              }
  37   3                              continue;
  38   3                      }
  39   2                      else
  40   2                      {
  41   3                              keynum=key();
  42   3                              if(keynum<10)
  43   3                              {
  44   4                                      keynum+='0';
  45   4                                      string[i++]+=keynum;
  46   4                                      LCD_ShowChar(1,i,keynum);
  47   4                                      
  48   4                              }
  49   3                      }
  50   2                      
  51   2              }
  52   1      }
*** WARNING C280 IN LINE 11 OF main.c: 'j': unreferenced local variable
*** WARNING C280 IN LINE 14 OF main.c: 's': unreferenced local variable
C51 COMPILER V9.54   MAIN                                                                  09/09/2021 16:53:26 PAGE 2   



MODULE INFORMATION:   STATIC OVERLAYABLE
   CODE SIZE        =    149    ----
   CONSTANT SIZE    =     24    ----
   XDATA SIZE       =   ----    ----
   PDATA SIZE       =   ----    ----
   DATA SIZE        =   ----      26
   IDATA SIZE       =   ----    ----
   BIT SIZE         =   ----    ----
END OF MODULE INFORMATION.


C51 COMPILATION COMPLETE.  2 WARNING(S),  0 ERROR(S)
